{
  "uid" : "e958ebceabe9f1af",
  "name" : "test_junit_retry",
  "historyId" : "pytest:pipeline.integration_tests.functional_tests.integ_tests_junit#test_junit_retry",
  "time" : {
    "duration" : 1
  },
  "status" : "failed",
  "statusDetails" : {
    "message" : "assert False",
    "trace" : "report_path = 'junit_results/integration.xml'\n\n    def test_junit_retry(report_path):\n        report = JunitHelper(report_path)\n        case_list = report.get_test_attributes()\n        has_retry = False\n    \n        for case in case_list:\n            if case.is_retried == \"true\":\n                has_retry = True\n    \n>       assert has_retry\nE       assert False\n\npipeline/integration_tests/functional_tests/integ_tests_junit.py:141: AssertionError",
    "flaky" : false
  },
  "beforeStages" : [ ],
  "afterStages" : [ ],
  "labels" : [ {
    "name" : "resultFormat",
    "value" : "junit"
  }, {
    "name" : "suite",
    "value" : "pytest"
  }, {
    "name" : "testClass",
    "value" : "pipeline.integration_tests.functional_tests.integ_tests_junit"
  }, {
    "name" : "package",
    "value" : "pipeline.integration_tests.functional_tests.integ_tests_junit"
  } ],
  "parameters" : [ ],
  "links" : [ ],
  "hidden" : false,
  "extra" : {
    "severity" : "normal",
    "retries" : [ ],
    "categories" : [ {
      "name" : "Risk Based Testing",
      "matchedStatuses" : [ "broken", "failed", "skipped" ],
      "flaky" : false
    }, {
      "name" : "Product defects",
      "matchedStatuses" : [ "failed" ],
      "flaky" : false
    } ],
    "tags" : [ ]
  },
  "source" : "e958ebceabe9f1af.json",
  "statusDetailsSafe" : {
    "message" : "assert False",
    "trace" : "report_path = 'junit_results/integration.xml'\n\n    def test_junit_retry(report_path):\n        report = JunitHelper(report_path)\n        case_list = report.get_test_attributes()\n        has_retry = False\n    \n        for case in case_list:\n            if case.is_retried == \"true\":\n                has_retry = True\n    \n>       assert has_retry\nE       assert False\n\npipeline/integration_tests/functional_tests/integ_tests_junit.py:141: AssertionError",
    "flaky" : false
  },
  "statusMessage" : {
    "present" : true
  },
  "parameterValues" : [ ]
}